<?xml version="1.0" encoding="UTF-8"?>
<coverage generated="1640472596473" clover="3.2.0">
  <project timestamp="1640472596473" name="All files">
    <metrics statements="23" coveredstatements="23" conditionals="3" coveredconditionals="2" methods="5" coveredmethods="5" elements="31" coveredelements="30" complexity="0" loc="23" ncloc="23" packages="1" files="2" classes="2"/>
    <file name="allpipes.ts" path="/projects/ptal/src/allpipes.ts">
      <metrics statements="5" coveredstatements="5" conditionals="0" coveredconditionals="0" methods="1" coveredmethods="1"/>
      <line num="1" count="1" type="stmt"/>
      <line num="128" count="1" type="stmt"/>
      <line num="130" count="1" type="stmt"/>
      <line num="132" count="124" type="stmt"/>
      <line num="134" count="1" type="stmt"/>
    </file>
    <file name="pipe.ts" path="/projects/ptal/src/pipe.ts">
      <metrics statements="18" coveredstatements="18" conditionals="3" coveredconditionals="2" methods="4" coveredmethods="4"/>
      <line num="2" count="1" type="stmt"/>
      <line num="4" count="1" type="stmt"/>
      <line num="6" count="5" type="cond" truecount="0" falsecount="1"/>
      <line num="7" count="5" type="stmt"/>
      <line num="10" count="1" type="stmt"/>
      <line num="11" count="5" type="stmt"/>
      <line num="12" count="5" type="stmt"/>
      <line num="14" count="20" type="stmt"/>
      <line num="15" count="20" type="stmt"/>
      <line num="16" count="20" type="cond" truecount="1" falsecount="0"/>
      <line num="17" count="11" type="stmt"/>
      <line num="19" count="11" type="stmt"/>
      <line num="20" count="11" type="cond" truecount="1" falsecount="0"/>
      <line num="23" count="5" type="stmt"/>
      <line num="26" count="1" type="stmt"/>
      <line num="27" count="5" type="stmt"/>
      <line num="29" count="1" type="stmt"/>
      <line num="31" count="1" type="stmt"/>
    </file>
  </project>
</coverage>
