{"/projects/ptal/src/allpipes.ts": {"path":"/projects/ptal/src/allpipes.ts","statementMap":{"0":{"start":{"line":1,"column":17},"end":{"line":126,"column":2}},"1":{"start":{"line":128,"column":9},"end":{"line":128,"column":17}},"2":{"start":{"line":130,"column":19},"end":{"line":132,"column":27}},"3":{"start":{"line":132,"column":10},"end":{"line":132,"column":12}},"4":{"start":{"line":132,"column":13},"end":{"line":132,"column":14}},"5":{"start":{"line":132,"column":19},"end":{"line":132,"column":26}},"6":{"start":{"line":134,"column":9},"end":{"line":134,"column":19}}},"fnMap":{"0":{"name":"(anonymous_0)","decl":{"start":{"line":132,"column":7},"end":{"line":132,"column":8}},"loc":{"start":{"line":132,"column":14},"end":{"line":132,"column":20}}}},"branchMap":{},"s":{"0":1,"1":1,"2":1,"3":124,"4":124,"5":124,"6":1},"f":{"0":124},"b":{}}
,"/projects/ptal/src/pipe.ts": {"path":"/projects/ptal/src/pipe.ts","statementMap":{"0":{"start":{"line":2,"column":0},"end":{"line":2,"column":38}},"1":{"start":{"line":4,"column":0},"end":{"line":4,"column":null}},"2":{"start":{"line":6,"column":15},"end":{"line":6,"column":null}},"3":{"start":{"line":7,"column":4},"end":{"line":7,"column":38}},"4":{"start":{"line":10,"column":9},"end":{"line":24,"column":null}},"5":{"start":{"line":11,"column":23},"end":{"line":11,"column":25}},"6":{"start":{"line":12,"column":26},"end":{"line":12,"column":28}},"7":{"start":{"line":14,"column":4},"end":{"line":22,"column":null}},"8":{"start":{"line":14,"column":18},"end":{"line":14,"column":19}},"9":{"start":{"line":14,"column":18},"end":{"line":14,"column":52}},"10":{"start":{"line":14,"column":14},"end":{"line":14,"column":18}},"11":{"start":{"line":15,"column":29},"end":{"line":15,"column":79}},"12":{"start":{"line":16,"column":6},"end":{"line":21,"column":null}},"13":{"start":{"line":17,"column":8},"end":{"line":17,"column":27}},"14":{"start":{"line":19,"column":8},"end":{"line":19,"column":30}},"15":{"start":{"line":20,"column":8},"end":{"line":20,"column":97}},"16":{"start":{"line":20,"column":48},"end":{"line":20,"column":97}},"17":{"start":{"line":23,"column":4},"end":{"line":23,"column":72}},"18":{"start":{"line":26,"column":2},"end":{"line":28,"column":null}},"19":{"start":{"line":27,"column":4},"end":{"line":27,"column":54}},"20":{"start":{"line":29,"column":0},"end":{"line":29,"column":null}},"21":{"start":{"line":31,"column":0},"end":{"line":31,"column":20}}},"fnMap":{"0":{"name":"(anonymous_0)","decl":{"start":{"line":4,"column":0},"end":{"line":4,"column":null}},"loc":{"start":{"line":4,"column":0},"end":{"line":29,"column":null}}},"1":{"name":"Pipe","decl":{"start":{"line":6,"column":2},"end":{"line":6,"column":15}},"loc":{"start":{"line":6,"column":61},"end":{"line":8,"column":3}}},"2":{"name":"(anonymous_2)","decl":{"start":{"line":10,"column":2},"end":{"line":10,"column":9}},"loc":{"start":{"line":10,"column":46},"end":{"line":24,"column":3}}},"3":{"name":"(anonymous_3)","decl":{"start":{"line":26,"column":2},"end":{"line":26,"column":6}},"loc":{"start":{"line":26,"column":2},"end":{"line":28,"column":3}}}},"branchMap":{"0":{"loc":{"start":{"line":6,"column":15},"end":{"line":6,"column":null}},"type":"if","locations":[{"start":{"line":6,"column":15},"end":{"line":6,"column":null}}]},"1":{"loc":{"start":{"line":16,"column":6},"end":{"line":21,"column":null}},"type":"if","locations":[{"start":{"line":16,"column":6},"end":{"line":21,"column":null}}]},"2":{"loc":{"start":{"line":20,"column":8},"end":{"line":20,"column":97}},"type":"if","locations":[{"start":{"line":20,"column":8},"end":{"line":20,"column":97}}]}},"s":{"0":1,"1":1,"2":5,"3":5,"4":1,"5":5,"6":5,"7":5,"8":5,"9":5,"10":20,"11":20,"12":20,"13":11,"14":11,"15":11,"16":3,"17":5,"18":1,"19":5,"20":1,"21":1},"f":{"0":1,"1":5,"2":5,"3":5},"b":{"0":[0],"1":[11],"2":[3]}}
}
