TN:
SF:src/allpipes.ts
FN:132,(anonymous_0)
FNF:1
FNH:1
FNDA:124,(anonymous_0)
DA:1,1
DA:128,1
DA:130,1
DA:132,124
DA:134,1
LF:5
LH:5
BRF:0
BRH:0
end_of_record
TN:
SF:src/pipe.ts
FN:4,(anonymous_0)
FN:6,Pipe
FN:10,(anonymous_2)
FN:26,(anonymous_3)
FNF:4
FNH:4
FNDA:1,(anonymous_0)
FNDA:5,Pipe
FNDA:5,(anonymous_2)
FNDA:5,(anonymous_3)
DA:2,1
DA:4,1
DA:6,5
DA:7,5
DA:10,1
DA:11,5
DA:12,5
DA:14,20
DA:15,20
DA:16,20
DA:17,11
DA:19,11
DA:20,11
DA:23,5
DA:26,1
DA:27,5
DA:29,1
DA:31,1
LF:18
LH:18
BRDA:6,0,0,0
BRDA:16,1,0,11
BRDA:20,2,0,3
BRF:3
BRH:2
end_of_record
